<?xml version="1.0" encoding="UTF-8"?>
<!-- Generated by org.testng.reporters.JUnitReportReporter -->
<testsuite name="testCases.Test_Pending_Leave_Request" tests="1" time="1.192" ignored="0" failures="0" timestamp="24 Jan 2021 18:05:50 GMT" skipped="0" hostname="CDC2-L-025418W" errors="0">
  <testcase name="VerifyPenidngLeaveRequest" time="1.192" classname="testCases.Test_Pending_Leave_Request"/>
</testsuite> <!-- testCases.Test_Pending_Leave_Request -->
