<?xml version="1.0" encoding="UTF-8"?>
<!-- Generated by org.testng.reporters.JUnitReportReporter -->
<testsuite name="testCases.Test_User_Role" tests="1" time="3.008" ignored="0" failures="0" timestamp="24 Jan 2021 18:05:50 GMT" skipped="0" hostname="CDC2-L-025418W" errors="0">
  <testcase name="CheckUserRole" time="3.008" classname="testCases.Test_User_Role"/>
</testsuite> <!-- testCases.Test_User_Role -->
